Start testing: Jan 18 11:17 EST
----------------------------------------------------------
1/1 Testing: ExampleTests
1/1 Test: ExampleTests
Command: "/Users/ClaireMather/Documents/GitRepos/Software-Sys-Dev-Test-Program/build/test/ExampleTests"
Directory: /Users/ClaireMather/Documents/GitRepos/Software-Sys-Dev-Test-Program/build/test
"ExampleTests" start time: Jan 18 11:17 EST
Output:
----------------------------------------------------------
[==========] Running 2 tests from 2 test suites.
[----------] Global test environment set-up.
[----------] 1 test from ExampleTests
[ RUN      ] ExampleTests.DemonstrateGTestMacros
[       OK ] ExampleTests.DemonstrateGTestMacros (0 ms)
[----------] 1 test from ExampleTests (0 ms total)

[----------] 1 test from test
[ RUN      ] test.eq
[       OK ] test.eq (0 ms)
[----------] 1 test from test (0 ms total)

[----------] Global test environment tear-down
[==========] 2 tests from 2 test suites ran. (0 ms total)
[  PASSED  ] 2 tests.
<end of output>
Test time =   0.00 sec
----------------------------------------------------------
Test Passed.
"ExampleTests" end time: Jan 18 11:17 EST
"ExampleTests" time elapsed: 00:00:00
----------------------------------------------------------

End testing: Jan 18 11:17 EST
