<?xml version="1.0" encoding="UTF-8"?>
<Site BuildName="(empty)"
	BuildStamp="20240118-0222-Experimental"
	Name="(empty)"
	Generator="ctest-3.28.1"
	CompilerName=""
	CompilerVersion=""
	OSName="macOS"
	Hostname="Claires-MacBook-Air-5.local"
	OSRelease="14.2.1"
	OSVersion="23C71"
	OSPlatform="arm64"
	Is64Bits="1"
	VendorString="IBM"
	VendorID="IBM"
	FamilyID="16777228"
	ModelID="2"
	ProcessorCacheSize="131072"
	NumberOfLogicalCPU="8"
	NumberOfPhysicalCPU="8"
	TotalVirtualMemory="2048"
	TotalPhysicalMemory="16384"
	LogicalProcessorsPerPhysical="8"
	ProcessorClockFrequency="0"
	>
	<Testing>
		<StartDateTime>Jan 18 11:17 EST</StartDateTime>
		<StartTestTime>1705594665</StartTestTime>
		<TestList>
			<Test>./test/ExampleTests</Test>
		</TestList>
		<Test Status="passed">
			<Name>ExampleTests</Name>
			<Path>./test</Path>
			<FullName>./test/ExampleTests</FullName>
			<FullCommandLine>/Users/ClaireMather/Documents/GitRepos/Software-Sys-Dev-Test-Program/build/test/ExampleTests</FullCommandLine>
			<Results>
				<NamedMeasurement type="numeric/double" name="Execution Time">
					<Value>0.00400267</Value>
				</NamedMeasurement>
				<NamedMeasurement type="numeric/double" name="Processors">
					<Value>1</Value>
				</NamedMeasurement>
				<NamedMeasurement type="text/string" name="Completion Status">
					<Value>Completed</Value>
				</NamedMeasurement>
				<NamedMeasurement type="text/string" name="Command Line">
					<Value>/Users/ClaireMather/Documents/GitRepos/Software-Sys-Dev-Test-Program/build/test/ExampleTests</Value>
				</NamedMeasurement>
				<NamedMeasurement type="text/string" name="Environment">
					<Value>#CTEST_RESOURCE_GROUP_COUNT=</Value>
				</NamedMeasurement>
				<Measurement>
					<Value encoding="base64" compression="gzip">eJyNUT0PgjAQ3fsrbpSBRt0dTCAMxo+AToSh6mlI6BXbov58KRAiJqhv6fX1vd5rL130yCCuiHK6whwsGmvgopXsNmCqvF45S/0eGUSFOoqiFSDdc61IItVitH5Vfohnra65NHwKWRa4d21YCvFhAw2ywQkPUCoyVguLkWPW4qSVM7TYrv4zwGQK0nj/xWnFYJUVhcfGPa4aRncMx9swXkf+jNBUX1qPfbVFof2zehBL30c5PkLQgviwUx14t0ySMHCv6JycvQBwwaPw====</Value>
				</Measurement>
			</Results>
		</Test>
		<EndDateTime>Jan 18 11:17 EST</EndDateTime>
		<EndTestTime>1705594665</EndTestTime>
		<ElapsedMinutes>0</ElapsedMinutes>
	</Testing>
</Site>
